c:\users\dell\documents\visual studio 2015\projects\os2proj\os2proj\debug\vc140.pdb
c:\users\dell\documents\visual studio 2015\projects\os2proj\os2proj\debug\vc140.idb
c:\users\dell\documents\visual studio 2015\projects\os2proj\os2proj\debug\kernelprocess.obj
c:\users\dell\documents\visual studio 2015\projects\os2proj\os2proj\debug\kernelsystem.obj
c:\users\dell\documents\visual studio 2015\projects\os2proj\os2proj\debug\list.obj
c:\users\dell\documents\visual studio 2015\projects\os2proj\os2proj\debug\process.obj
c:\users\dell\documents\visual studio 2015\projects\os2proj\os2proj\debug\resourceallocator.obj
c:\users\dell\documents\visual studio 2015\projects\os2proj\os2proj\debug\system.obj
c:\users\dell\documents\visual studio 2015\projects\os2proj\os2proj\debug\test.obj
c:\users\dell\documents\visual studio 2015\projects\os2proj\os2proj\debug\main.obj
c:\users\dell\documents\visual studio 2015\projects\os2proj\os2proj\debug\processtest.obj
c:\users\dell\documents\visual studio 2015\projects\os2proj\os2proj\debug\randomnumbergenerator.obj
c:\users\dell\documents\visual studio 2015\projects\os2proj\os2proj\debug\systemtest.obj
c:\users\dell\documents\visual studio 2015\projects\os2proj\debug\os2proj.ilk
c:\users\dell\documents\visual studio 2015\projects\os2proj\debug\os2proj.exe
c:\users\dell\documents\visual studio 2015\projects\os2proj\debug\os2proj.pdb
c:\users\dell\documents\visual studio 2015\projects\os2proj\os2proj\debug\os2proj.tlog\cl.command.1.tlog
c:\users\dell\documents\visual studio 2015\projects\os2proj\os2proj\debug\os2proj.tlog\cl.read.1.tlog
c:\users\dell\documents\visual studio 2015\projects\os2proj\os2proj\debug\os2proj.tlog\cl.write.1.tlog
c:\users\dell\documents\visual studio 2015\projects\os2proj\os2proj\debug\os2proj.tlog\link.6944-cvtres.read.1.tlog
c:\users\dell\documents\visual studio 2015\projects\os2proj\os2proj\debug\os2proj.tlog\link.6944-cvtres.write.1.tlog
c:\users\dell\documents\visual studio 2015\projects\os2proj\os2proj\debug\os2proj.tlog\link.6944-rc.read.1.tlog
c:\users\dell\documents\visual studio 2015\projects\os2proj\os2proj\debug\os2proj.tlog\link.6944-rc.write.1.tlog
c:\users\dell\documents\visual studio 2015\projects\os2proj\os2proj\debug\os2proj.tlog\link.6944.read.1.tlog
c:\users\dell\documents\visual studio 2015\projects\os2proj\os2proj\debug\os2proj.tlog\link.6944.write.1.tlog
c:\users\dell\documents\visual studio 2015\projects\os2proj\os2proj\debug\os2proj.tlog\link.command.1.tlog
c:\users\dell\documents\visual studio 2015\projects\os2proj\os2proj\debug\os2proj.tlog\link.read.1.tlog
c:\users\dell\documents\visual studio 2015\projects\os2proj\os2proj\debug\os2proj.tlog\link.write.1.tlog
